Command line invocation:
    /Applications/Xcode.app/Contents/Developer/usr/bin/xcodebuild build -scheme Supervision -destination id=00006021-001461441A43C01E -resultBundlePath /Users/john/Documents/dev/Supervision/.nvim/xcodebuild/build.xcresult -parallelizeTargets

Resolve Package Graph
2025-12-25 19:21:09.941 xcodebuild[83866:2544712] [MT] IDERunDestination: Supported platforms for the buildables in the current scheme is empty.


Resolved source packages:
  Supervision: /Users/john/Documents/dev/Supervision

Writing result bundle at path:
	/Users/john/Documents/dev/Supervision/.nvim/xcodebuild/build.xcresult

--- xcodebuild: WARNING: Using the first of multiple matching destinations:
{ platform:macOS, arch:arm64, id:00006021-001461441A43C01E, name:My Mac }
{ platform:macOS, arch:x86_64, id:00006021-001461441A43C01E, name:My Mac }
{ platform:macOS, arch:arm64, variant:Mac Catalyst, id:00006021-001461441A43C01E, name:My Mac }
{ platform:macOS, arch:x86_64, variant:Mac Catalyst, id:00006021-001461441A43C01E, name:My Mac }
{ platform:macOS, arch:arm64, variant:DriverKit, id:00006021-001461441A43C01E, name:My Mac }
{ platform:macOS, arch:arm64, variant:Designed for [iPad,iPhone], id:00006021-001461441A43C01E, name:My Mac }
{ platform:macOS, arch:arm64_32, variant:Designed for [iPad,iPhone], id:00006021-001461441A43C01E, name:My Mac }
ComputePackagePrebuildTargetDependencyGraph

Prepare packages

CreateBuildRequest

SendProjectDescription

CreateBuildOperation

ComputeTargetDependencyGraph
note: Building targets in dependency order
note: Target dependency graph (2 targets)
    Target 'Supervision' in project 'Supervision'
        ➜ Explicit dependency on target 'Supervision' in project 'Supervision'
    Target 'Supervision' in project 'Supervision' (no dependencies)

GatherProvisioningInputs

CreateBuildDescription

ExecuteExternalTool /Applications/Xcode.app/Contents/Developer/Toolchains/XcodeDefault.xctoolchain/usr/bin/clang -v -E -dM -isysroot /Applications/Xcode.app/Contents/Developer/Platforms/MacOSX.platform/Developer/SDKs/MacOSX26.2.sdk -x c -c /dev/null

ExecuteExternalTool /Applications/Xcode.app/Contents/Developer/Toolchains/XcodeDefault.xctoolchain/usr/bin/swiftc --version

ExecuteExternalTool /Applications/Xcode.app/Contents/Developer/Toolchains/XcodeDefault.xctoolchain/usr/bin/ld -version_details

Build description signature: 28cb6240d95b20b9554e3fd5ec48f570
Build description path: /Users/john/Library/Developer/Xcode/DerivedData/Supervision-gsztnpzddieindhlgihxlvtgmjlz/Build/Intermediates.noindex/XCBuildData/28cb6240d95b20b9554e3fd5ec48f570.xcbuilddata
ClangStatCache /Applications/Xcode.app/Contents/Developer/Toolchains/XcodeDefault.xctoolchain/usr/bin/clang-stat-cache /Applications/Xcode.app/Contents/Developer/Platforms/MacOSX.platform/Developer/SDKs/MacOSX26.2.sdk /Users/john/Library/Developer/Xcode/DerivedData/SDKStatCaches.noindex/macosx26.2-25C57-00fa09913b459cbbc988d1f6730289ae.sdkstatcache
    cd /Users/john/Documents/dev/Supervision/.swiftpm/xcode
    /Applications/Xcode.app/Contents/Developer/Toolchains/XcodeDefault.xctoolchain/usr/bin/clang-stat-cache /Applications/Xcode.app/Contents/Developer/Platforms/MacOSX.platform/Developer/SDKs/MacOSX26.2.sdk -o /Users/john/Library/Developer/Xcode/DerivedData/SDKStatCaches.noindex/macosx26.2-25C57-00fa09913b459cbbc988d1f6730289ae.sdkstatcache

SwiftDriver Supervision normal arm64 com.apple.xcode.tools.swift.compiler (in target 'Supervision' from project 'Supervision')
    cd /Users/john/Documents/dev/Supervision/.swiftpm/xcode
    builtin-SwiftDriver -- /Applications/Xcode.app/Contents/Developer/Toolchains/XcodeDefault.xctoolchain/usr/bin/swiftc -module-name Supervision -Onone -enforce-exclusivity\=checked @/Users/john/Library/Developer/Xcode/DerivedData/Supervision-gsztnpzddieindhlgihxlvtgmjlz/Build/Intermediates.noindex/Supervision.build/Debug/Supervision.build/Objects-normal/arm64/Supervision.SwiftFileList -DSWIFT_PACKAGE -DDEBUG -DSWIFT_MODULE_RESOURCE_BUNDLE_UNAVAILABLE -DXcode -plugin-path /Applications/Xcode.app/Contents/Developer/Toolchains/XcodeDefault.xctoolchain/usr/lib/swift/host/plugins/testing -enable-experimental-feature DebugDescriptionMacro -sdk /Applications/Xcode.app/Contents/Developer/Platforms/MacOSX.platform/Developer/SDKs/MacOSX26.2.sdk -target arm64-apple-macos26.0 -g -module-cache-path /Users/john/Library/Developer/Xcode/DerivedData/ModuleCache.noindex -Xfrontend -serialize-debugging-options -profile-coverage-mapping -profile-generate -enable-testing -index-store-path /Users/john/Library/Developer/Xcode/DerivedData/Supervision-gsztnpzddieindhlgihxlvtgmjlz/Index.noindex/DataStore -Xcc -D_LIBCPP_HARDENING_MODE\=_LIBCPP_HARDENING_MODE_DEBUG -swift-version 6 -I /Users/john/Library/Developer/Xcode/DerivedData/Supervision-gsztnpzddieindhlgihxlvtgmjlz/Build/Products/Debug -Isystem /Applications/Xcode.app/Contents/Developer/Platforms/MacOSX.platform/Developer/usr/lib -F /Users/john/Library/Developer/Xcode/DerivedData/Supervision-gsztnpzddieindhlgihxlvtgmjlz/Build/Products/Debug -F /Applications/Xcode.app/Contents/Developer/Platforms/MacOSX.platform/Developer/Library/Frameworks -c -j12 -enable-batch-mode -incremental -Xcc -ivfsstatcache -Xcc /Users/john/Library/Developer/Xcode/DerivedData/SDKStatCaches.noindex/macosx26.2-25C57-00fa09913b459cbbc988d1f6730289ae.sdkstatcache -output-file-map /Users/john/Library/Developer/Xcode/DerivedData/Supervision-gsztnpzddieindhlgihxlvtgmjlz/Build/Intermediates.noindex/Supervision.build/Debug/Supervision.build/Objects-normal/arm64/Supervision-OutputFileMap.json -use-frontend-parseable-output -save-temps -no-color-diagnostics -explicit-module-build -module-cache-path /Users/john/Library/Developer/Xcode/DerivedData/Supervision-gsztnpzddieindhlgihxlvtgmjlz/Build/Intermediates.noindex/SwiftExplicitPrecompiledModules -clang-scanner-module-cache-path /Users/john/Library/Developer/Xcode/DerivedData/ModuleCache.noindex -sdk-module-cache-path /Users/john/Library/Developer/Xcode/DerivedData/ModuleCache.noindex -serialize-diagnostics -emit-dependencies -emit-module -emit-module-path /Users/john/Library/Developer/Xcode/DerivedData/Supervision-gsztnpzddieindhlgihxlvtgmjlz/Build/Intermediates.noindex/Supervision.build/Debug/Supervision.build/Objects-normal/arm64/Supervision.swiftmodule -validate-clang-modules-once -clang-build-session-file /Users/john/Library/Developer/Xcode/DerivedData/ModuleCache.noindex/Session.modulevalidation -package-name supervision -Xcc -I/Users/john/Library/Developer/Xcode/DerivedData/Supervision-gsztnpzddieindhlgihxlvtgmjlz/Build/Intermediates.noindex/Supervision.build/Debug/Supervision.build/swift-overrides.hmap -emit-const-values -Xfrontend -const-gather-protocols-file -Xfrontend /Users/john/Library/Developer/Xcode/DerivedData/Supervision-gsztnpzddieindhlgihxlvtgmjlz/Build/Intermediates.noindex/Supervision.build/Debug/Supervision.build/Objects-normal/arm64/Supervision_const_extract_protocols.json -Xcc -I/Users/john/Library/Developer/Xcode/DerivedData/Supervision-gsztnpzddieindhlgihxlvtgmjlz/Build/Products/Debug/include -Xcc -I/Users/john/Library/Developer/Xcode/DerivedData/Supervision-gsztnpzddieindhlgihxlvtgmjlz/Build/Intermediates.noindex/Supervision.build/Debug/Supervision.build/DerivedSources-normal/arm64 -Xcc -I/Users/john/Library/Developer/Xcode/DerivedData/Supervision-gsztnpzddieindhlgihxlvtgmjlz/Build/Intermediates.noindex/Supervision.build/Debug/Supervision.build/DerivedSources/arm64 -Xcc -I/Users/john/Library/Developer/Xcode/DerivedData/Supervision-gsztnpzddieindhlgihxlvtgmjlz/Build/Intermediates.noindex/Supervision.build/Debug/Supervision.build/DerivedSources -Xcc -DSWIFT_PACKAGE -Xcc -DDEBUG\=1 -emit-objc-header -emit-objc-header-path /Users/john/Library/Developer/Xcode/DerivedData/Supervision-gsztnpzddieindhlgihxlvtgmjlz/Build/Intermediates.noindex/Supervision.build/Debug/Supervision.build/Objects-normal/arm64/Supervision-Swift.h -working-directory /Users/john/Documents/dev/Supervision/.swiftpm/xcode -experimental-emit-module-separately -disable-cmo

SwiftCompile normal arm64 Compiling\ FeatureProtocol.swift /Users/john/Documents/dev/Supervision/Sources/Supervision/FeatureProtocol.swift (in target 'Supervision' from project 'Supervision')

SwiftCompile normal arm64 /Users/john/Documents/dev/Supervision/Sources/Supervision/FeatureProtocol.swift (in target 'Supervision' from project 'Supervision')
    cd /Users/john/Documents/dev/Supervision/.swiftpm/xcode
    

SwiftCompile normal arm64 Compiling\ Supervision.swift /Users/john/Documents/dev/Supervision/Sources/Supervision/Supervision.swift (in target 'Supervision' from project 'Supervision')

SwiftCompile normal arm64 /Users/john/Documents/dev/Supervision/Sources/Supervision/Supervision.swift (in target 'Supervision' from project 'Supervision')
    cd /Users/john/Documents/dev/Supervision/.swiftpm/xcode
    

SwiftCompile normal arm64 Compiling\ Supervisor.swift /Users/john/Documents/dev/Supervision/Sources/Supervision/Supervisor.swift (in target 'Supervision' from project 'Supervision')
SwiftCompile normal arm64 /Users/john/Documents/dev/Supervision/Sources/Supervision/Supervisor.swift (in target 'Supervision' from project 'Supervision')
    cd /Users/john/Documents/dev/Supervision/.swiftpm/xcode
    

SwiftCompile normal arm64 Compiling\ Board.swift /Users/john/Documents/dev/Supervision/Sources/Supervision/Board.swift (in target 'Supervision' from project 'Supervision')

SwiftCompile normal arm64 /Users/john/Documents/dev/Supervision/Sources/Supervision/Board.swift (in target 'Supervision' from project 'Supervision')
    cd /Users/john/Documents/dev/Supervision/.swiftpm/xcode
    

SwiftCompile normal arm64 Compiling\ Context.swift /Users/john/Documents/dev/Supervision/Sources/Supervision/Context.swift (in target 'Supervision' from project 'Supervision')

SwiftCompile normal arm64 /Users/john/Documents/dev/Supervision/Sources/Supervision/Context.swift (in target 'Supervision' from project 'Supervision')
    cd /Users/john/Documents/dev/Supervision/.swiftpm/xcode
    

SwiftCompile normal arm64 Compiling\ Work.swift /Users/john/Documents/dev/Supervision/Sources/Supervision/Work.swift (in target 'Supervision' from project 'Supervision')

SwiftCompile normal arm64 /Users/john/Documents/dev/Supervision/Sources/Supervision/Work.swift (in target 'Supervision' from project 'Supervision')
    cd /Users/john/Documents/dev/Supervision/.swiftpm/xcode
    

SwiftCompile normal arm64 Compiling\ Binding.swift /Users/john/Documents/dev/Supervision/Sources/Supervision/SwiftUI/Binding.swift (in target 'Supervision' from project 'Supervision')

SwiftCompile normal arm64 /Users/john/Documents/dev/Supervision/Sources/Supervision/SwiftUI/Binding.swift (in target 'Supervision' from project 'Supervision')
    cd /Users/john/Documents/dev/Supervision/.swiftpm/xcode
    

SwiftCompile normal arm64 Compiling\ WritableProjection.swift /Users/john/Documents/dev/Supervision/Sources/Supervision/WritableProjection.swift (in target 'Supervision' from project 'Supervision')

SwiftCompile normal arm64 /Users/john/Documents/dev/Supervision/Sources/Supervision/WritableProjection.swift (in target 'Supervision' from project 'Supervision')
    cd /Users/john/Documents/dev/Supervision/.swiftpm/xcode
    

SwiftCompile normal arm64 Compiling\ Worker.swift /Users/john/Documents/dev/Supervision/Sources/Supervision/Worker.swift (in target 'Supervision' from project 'Supervision')

SwiftCompile normal arm64 /Users/john/Documents/dev/Supervision/Sources/Supervision/Worker.swift (in target 'Supervision' from project 'Supervision')
    cd /Users/john/Documents/dev/Supervision/.swiftpm/xcode
    

SwiftEmitModule normal arm64 Emitting\ module\ for\ Supervision (in target 'Supervision' from project 'Supervision')

EmitSwiftModule normal arm64 (in target 'Supervision' from project 'Supervision')
    cd /Users/john/Documents/dev/Supervision/.swiftpm/xcode
    

SwiftDriverJobDiscovery normal arm64 Compiling Supervision.swift (in target 'Supervision' from project 'Supervision')

SwiftDriverJobDiscovery normal arm64 Compiling Context.swift (in target 'Supervision' from project 'Supervision')

SwiftDriverJobDiscovery normal arm64 Compiling FeatureProtocol.swift (in target 'Supervision' from project 'Supervision')

SwiftCompile normal arm64 Compiling\ BatchBuilder.swift /Users/john/Documents/dev/Supervision/Sources/Supervision/BatchBuilder.swift (in target 'Supervision' from project 'Supervision')

SwiftCompile normal arm64 /Users/john/Documents/dev/Supervision/Sources/Supervision/BatchBuilder.swift (in target 'Supervision' from project 'Supervision')
    cd /Users/john/Documents/dev/Supervision/.swiftpm/xcode
    

SwiftDriverJobDiscovery normal arm64 Compiling WritableProjection.swift (in target 'Supervision' from project 'Supervision')

SwiftDriverJobDiscovery normal arm64 Compiling Work.swift (in target 'Supervision' from project 'Supervision')

SwiftDriverJobDiscovery normal arm64 Compiling Binding.swift (in target 'Supervision' from project 'Supervision')

SwiftDriverJobDiscovery normal arm64 Compiling Board.swift (in target 'Supervision' from project 'Supervision')

SwiftDriverJobDiscovery normal arm64 Compiling BatchBuilder.swift (in target 'Supervision' from project 'Supervision')

SwiftDriverJobDiscovery normal arm64 Emitting module for Supervision (in target 'Supervision' from project 'Supervision')

SwiftDriver\ Compilation\ Requirements Supervision normal arm64 com.apple.xcode.tools.swift.compiler (in target 'Supervision' from project 'Supervision')
    cd /Users/john/Documents/dev/Supervision/.swiftpm/xcode
    builtin-Swift-Compilation-Requirements -- /Applications/Xcode.app/Contents/Developer/Toolchains/XcodeDefault.xctoolchain/usr/bin/swiftc -module-name Supervision -Onone -enforce-exclusivity\=checked @/Users/john/Library/Developer/Xcode/DerivedData/Supervision-gsztnpzddieindhlgihxlvtgmjlz/Build/Intermediates.noindex/Supervision.build/Debug/Supervision.build/Objects-normal/arm64/Supervision.SwiftFileList -DSWIFT_PACKAGE -DDEBUG -DSWIFT_MODULE_RESOURCE_BUNDLE_UNAVAILABLE -DXcode -plugin-path /Applications/Xcode.app/Contents/Developer/Toolchains/XcodeDefault.xctoolchain/usr/lib/swift/host/plugins/testing -enable-experimental-feature DebugDescriptionMacro -sdk /Applications/Xcode.app/Contents/Developer/Platforms/MacOSX.platform/Developer/SDKs/MacOSX26.2.sdk -target arm64-apple-macos26.0 -g -module-cache-path /Users/john/Library/Developer/Xcode/DerivedData/ModuleCache.noindex -Xfrontend -serialize-debugging-options -profile-coverage-mapping -profile-generate -enable-testing -index-store-path /Users/john/Library/Developer/Xcode/DerivedData/Supervision-gsztnpzddieindhlgihxlvtgmjlz/Index.noindex/DataStore -Xcc -D_LIBCPP_HARDENING_MODE\=_LIBCPP_HARDENING_MODE_DEBUG -swift-version 6 -I /Users/john/Library/Developer/Xcode/DerivedData/Supervision-gsztnpzddieindhlgihxlvtgmjlz/Build/Products/Debug -Isystem /Applications/Xcode.app/Contents/Developer/Platforms/MacOSX.platform/Developer/usr/lib -F /Users/john/Library/Developer/Xcode/DerivedData/Supervision-gsztnpzddieindhlgihxlvtgmjlz/Build/Products/Debug -F /Applications/Xcode.app/Contents/Developer/Platforms/MacOSX.platform/Developer/Library/Frameworks -c -j12 -enable-batch-mode -incremental -Xcc -ivfsstatcache -Xcc /Users/john/Library/Developer/Xcode/DerivedData/SDKStatCaches.noindex/macosx26.2-25C57-00fa09913b459cbbc988d1f6730289ae.sdkstatcache -output-file-map /Users/john/Library/Developer/Xcode/DerivedData/Supervision-gsztnpzddieindhlgihxlvtgmjlz/Build/Intermediates.noindex/Supervision.build/Debug/Supervision.build/Objects-normal/arm64/Supervision-OutputFileMap.json -use-frontend-parseable-output -save-temps -no-color-diagnostics -explicit-module-build -module-cache-path /Users/john/Library/Developer/Xcode/DerivedData/Supervision-gsztnpzddieindhlgihxlvtgmjlz/Build/Intermediates.noindex/SwiftExplicitPrecompiledModules -clang-scanner-module-cache-path /Users/john/Library/Developer/Xcode/DerivedData/ModuleCache.noindex -sdk-module-cache-path /Users/john/Library/Developer/Xcode/DerivedData/ModuleCache.noindex -serialize-diagnostics -emit-dependencies -emit-module -emit-module-path /Users/john/Library/Developer/Xcode/DerivedData/Supervision-gsztnpzddieindhlgihxlvtgmjlz/Build/Intermediates.noindex/Supervision.build/Debug/Supervision.build/Objects-normal/arm64/Supervision.swiftmodule -validate-clang-modules-once -clang-build-session-file /Users/john/Library/Developer/Xcode/DerivedData/ModuleCache.noindex/Session.modulevalidation -package-name supervision -Xcc -I/Users/john/Library/Developer/Xcode/DerivedData/Supervision-gsztnpzddieindhlgihxlvtgmjlz/Build/Intermediates.noindex/Supervision.build/Debug/Supervision.build/swift-overrides.hmap -emit-const-values -Xfrontend -const-gather-protocols-file -Xfrontend /Users/john/Library/Developer/Xcode/DerivedData/Supervision-gsztnpzddieindhlgihxlvtgmjlz/Build/Intermediates.noindex/Supervision.build/Debug/Supervision.build/Objects-normal/arm64/Supervision_const_extract_protocols.json -Xcc -I/Users/john/Library/Developer/Xcode/DerivedData/Supervision-gsztnpzddieindhlgihxlvtgmjlz/Build/Products/Debug/include -Xcc -I/Users/john/Library/Developer/Xcode/DerivedData/Supervision-gsztnpzddieindhlgihxlvtgmjlz/Build/Intermediates.noindex/Supervision.build/Debug/Supervision.build/DerivedSources-normal/arm64 -Xcc -I/Users/john/Library/Developer/Xcode/DerivedData/Supervision-gsztnpzddieindhlgihxlvtgmjlz/Build/Intermediates.noindex/Supervision.build/Debug/Supervision.build/DerivedSources/arm64 -Xcc -I/Users/john/Library/Developer/Xcode/DerivedData/Supervision-gsztnpzddieindhlgihxlvtgmjlz/Build/Intermediates.noindex/Supervision.build/Debug/Supervision.build/DerivedSources -Xcc -DSWIFT_PACKAGE -Xcc -DDEBUG\=1 -emit-objc-header -emit-objc-header-path /Users/john/Library/Developer/Xcode/DerivedData/Supervision-gsztnpzddieindhlgihxlvtgmjlz/Build/Intermediates.noindex/Supervision.build/Debug/Supervision.build/Objects-normal/arm64/Supervision-Swift.h -working-directory /Users/john/Documents/dev/Supervision/.swiftpm/xcode -experimental-emit-module-separately -disable-cmo

Copy /Users/john/Library/Developer/Xcode/DerivedData/Supervision-gsztnpzddieindhlgihxlvtgmjlz/Build/Products/Debug/Supervision.swiftmodule/arm64-apple-macos.swiftmodule /Users/john/Library/Developer/Xcode/DerivedData/Supervision-gsztnpzddieindhlgihxlvtgmjlz/Build/Intermediates.noindex/Supervision.build/Debug/Supervision.build/Objects-normal/arm64/Supervision.swiftmodule (in target 'Supervision' from project 'Supervision')
    cd /Users/john/Documents/dev/Supervision
    builtin-copy -exclude .DS_Store -exclude CVS -exclude .svn -exclude .git -exclude .hg -resolve-src-symlinks -rename /Users/john/Library/Developer/Xcode/DerivedData/Supervision-gsztnpzddieindhlgihxlvtgmjlz/Build/Intermediates.noindex/Supervision.build/Debug/Supervision.build/Objects-normal/arm64/Supervision.swiftmodule /Users/john/Library/Developer/Xcode/DerivedData/Supervision-gsztnpzddieindhlgihxlvtgmjlz/Build/Products/Debug/Supervision.swiftmodule/arm64-apple-macos.swiftmodule

Copy /Users/john/Library/Developer/Xcode/DerivedData/Supervision-gsztnpzddieindhlgihxlvtgmjlz/Build/Products/Debug/Supervision.swiftmodule/arm64-apple-macos.abi.json /Users/john/Library/Developer/Xcode/DerivedData/Supervision-gsztnpzddieindhlgihxlvtgmjlz/Build/Intermediates.noindex/Supervision.build/Debug/Supervision.build/Objects-normal/arm64/Supervision.abi.json (in target 'Supervision' from project 'Supervision')
    cd /Users/john/Documents/dev/Supervision
    builtin-copy -exclude .DS_Store -exclude CVS -exclude .svn -exclude .git -exclude .hg -resolve-src-symlinks -rename /Users/john/Library/Developer/Xcode/DerivedData/Supervision-gsztnpzddieindhlgihxlvtgmjlz/Build/Intermediates.noindex/Supervision.build/Debug/Supervision.build/Objects-normal/arm64/Supervision.abi.json /Users/john/Library/Developer/Xcode/DerivedData/Supervision-gsztnpzddieindhlgihxlvtgmjlz/Build/Products/Debug/Supervision.swiftmodule/arm64-apple-macos.abi.json

Copy /Users/john/Library/Developer/Xcode/DerivedData/Supervision-gsztnpzddieindhlgihxlvtgmjlz/Build/Products/Debug/Supervision.swiftmodule/Project/arm64-apple-macos.swiftsourceinfo /Users/john/Library/Developer/Xcode/DerivedData/Supervision-gsztnpzddieindhlgihxlvtgmjlz/Build/Intermediates.noindex/Supervision.build/Debug/Supervision.build/Objects-normal/arm64/Supervision.swiftsourceinfo (in target 'Supervision' from project 'Supervision')
    cd /Users/john/Documents/dev/Supervision
    builtin-copy -exclude .DS_Store -exclude CVS -exclude .svn -exclude .git -exclude .hg -resolve-src-symlinks -rename /Users/john/Library/Developer/Xcode/DerivedData/Supervision-gsztnpzddieindhlgihxlvtgmjlz/Build/Intermediates.noindex/Supervision.build/Debug/Supervision.build/Objects-normal/arm64/Supervision.swiftsourceinfo /Users/john/Library/Developer/Xcode/DerivedData/Supervision-gsztnpzddieindhlgihxlvtgmjlz/Build/Products/Debug/Supervision.swiftmodule/Project/arm64-apple-macos.swiftsourceinfo

SwiftDriverJobDiscovery normal arm64 Compiling Worker.swift (in target 'Supervision' from project 'Supervision')

SwiftDriverJobDiscovery normal arm64 Compiling Supervisor.swift (in target 'Supervision' from project 'Supervision')

SwiftDriver\ Compilation Supervision normal arm64 com.apple.xcode.tools.swift.compiler (in target 'Supervision' from project 'Supervision')
    cd /Users/john/Documents/dev/Supervision/.swiftpm/xcode
    builtin-Swift-Compilation -- /Applications/Xcode.app/Contents/Developer/Toolchains/XcodeDefault.xctoolchain/usr/bin/swiftc -module-name Supervision -Onone -enforce-exclusivity\=checked @/Users/john/Library/Developer/Xcode/DerivedData/Supervision-gsztnpzddieindhlgihxlvtgmjlz/Build/Intermediates.noindex/Supervision.build/Debug/Supervision.build/Objects-normal/arm64/Supervision.SwiftFileList -DSWIFT_PACKAGE -DDEBUG -DSWIFT_MODULE_RESOURCE_BUNDLE_UNAVAILABLE -DXcode -plugin-path /Applications/Xcode.app/Contents/Developer/Toolchains/XcodeDefault.xctoolchain/usr/lib/swift/host/plugins/testing -enable-experimental-feature DebugDescriptionMacro -sdk /Applications/Xcode.app/Contents/Developer/Platforms/MacOSX.platform/Developer/SDKs/MacOSX26.2.sdk -target arm64-apple-macos26.0 -g -module-cache-path /Users/john/Library/Developer/Xcode/DerivedData/ModuleCache.noindex -Xfrontend -serialize-debugging-options -profile-coverage-mapping -profile-generate -enable-testing -index-store-path /Users/john/Library/Developer/Xcode/DerivedData/Supervision-gsztnpzddieindhlgihxlvtgmjlz/Index.noindex/DataStore -Xcc -D_LIBCPP_HARDENING_MODE\=_LIBCPP_HARDENING_MODE_DEBUG -swift-version 6 -I /Users/john/Library/Developer/Xcode/DerivedData/Supervision-gsztnpzddieindhlgihxlvtgmjlz/Build/Products/Debug -Isystem /Applications/Xcode.app/Contents/Developer/Platforms/MacOSX.platform/Developer/usr/lib -F /Users/john/Library/Developer/Xcode/DerivedData/Supervision-gsztnpzddieindhlgihxlvtgmjlz/Build/Products/Debug -F /Applications/Xcode.app/Contents/Developer/Platforms/MacOSX.platform/Developer/Library/Frameworks -c -j12 -enable-batch-mode -incremental -Xcc -ivfsstatcache -Xcc /Users/john/Library/Developer/Xcode/DerivedData/SDKStatCaches.noindex/macosx26.2-25C57-00fa09913b459cbbc988d1f6730289ae.sdkstatcache -output-file-map /Users/john/Library/Developer/Xcode/DerivedData/Supervision-gsztnpzddieindhlgihxlvtgmjlz/Build/Intermediates.noindex/Supervision.build/Debug/Supervision.build/Objects-normal/arm64/Supervision-OutputFileMap.json -use-frontend-parseable-output -save-temps -no-color-diagnostics -explicit-module-build -module-cache-path /Users/john/Library/Developer/Xcode/DerivedData/Supervision-gsztnpzddieindhlgihxlvtgmjlz/Build/Intermediates.noindex/SwiftExplicitPrecompiledModules -clang-scanner-module-cache-path /Users/john/Library/Developer/Xcode/DerivedData/ModuleCache.noindex -sdk-module-cache-path /Users/john/Library/Developer/Xcode/DerivedData/ModuleCache.noindex -serialize-diagnostics -emit-dependencies -emit-module -emit-module-path /Users/john/Library/Developer/Xcode/DerivedData/Supervision-gsztnpzddieindhlgihxlvtgmjlz/Build/Intermediates.noindex/Supervision.build/Debug/Supervision.build/Objects-normal/arm64/Supervision.swiftmodule -validate-clang-modules-once -clang-build-session-file /Users/john/Library/Developer/Xcode/DerivedData/ModuleCache.noindex/Session.modulevalidation -package-name supervision -Xcc -I/Users/john/Library/Developer/Xcode/DerivedData/Supervision-gsztnpzddieindhlgihxlvtgmjlz/Build/Intermediates.noindex/Supervision.build/Debug/Supervision.build/swift-overrides.hmap -emit-const-values -Xfrontend -const-gather-protocols-file -Xfrontend /Users/john/Library/Developer/Xcode/DerivedData/Supervision-gsztnpzddieindhlgihxlvtgmjlz/Build/Intermediates.noindex/Supervision.build/Debug/Supervision.build/Objects-normal/arm64/Supervision_const_extract_protocols.json -Xcc -I/Users/john/Library/Developer/Xcode/DerivedData/Supervision-gsztnpzddieindhlgihxlvtgmjlz/Build/Products/Debug/include -Xcc -I/Users/john/Library/Developer/Xcode/DerivedData/Supervision-gsztnpzddieindhlgihxlvtgmjlz/Build/Intermediates.noindex/Supervision.build/Debug/Supervision.build/DerivedSources-normal/arm64 -Xcc -I/Users/john/Library/Developer/Xcode/DerivedData/Supervision-gsztnpzddieindhlgihxlvtgmjlz/Build/Intermediates.noindex/Supervision.build/Debug/Supervision.build/DerivedSources/arm64 -Xcc -I/Users/john/Library/Developer/Xcode/DerivedData/Supervision-gsztnpzddieindhlgihxlvtgmjlz/Build/Intermediates.noindex/Supervision.build/Debug/Supervision.build/DerivedSources -Xcc -DSWIFT_PACKAGE -Xcc -DDEBUG\=1 -emit-objc-header -emit-objc-header-path /Users/john/Library/Developer/Xcode/DerivedData/Supervision-gsztnpzddieindhlgihxlvtgmjlz/Build/Intermediates.noindex/Supervision.build/Debug/Supervision.build/Objects-normal/arm64/Supervision-Swift.h -working-directory /Users/john/Documents/dev/Supervision/.swiftpm/xcode -experimental-emit-module-separately -disable-cmo

Ld /Users/john/Library/Developer/Xcode/DerivedData/Supervision-gsztnpzddieindhlgihxlvtgmjlz/Build/Products/Debug/Supervision.o normal (in target 'Supervision' from project 'Supervision')
    cd /Users/john/Documents/dev/Supervision
    /Applications/Xcode.app/Contents/Developer/Toolchains/XcodeDefault.xctoolchain/usr/bin/clang -Xlinker -reproducible -target arm64-apple-macos26.0 -r -isysroot /Applications/Xcode.app/Contents/Developer/Platforms/MacOSX.platform/Developer/SDKs/MacOSX26.2.sdk -O0 -L/Users/john/Library/Developer/Xcode/DerivedData/Supervision-gsztnpzddieindhlgihxlvtgmjlz/Build/Intermediates.noindex/EagerLinkingTBDs/Debug -L/Users/john/Library/Developer/Xcode/DerivedData/Supervision-gsztnpzddieindhlgihxlvtgmjlz/Build/Products/Debug -L/Applications/Xcode.app/Contents/Developer/Platforms/MacOSX.platform/Developer/usr/lib -F/Users/john/Library/Developer/Xcode/DerivedData/Supervision-gsztnpzddieindhlgihxlvtgmjlz/Build/Intermediates.noindex/EagerLinkingTBDs/Debug -F/Users/john/Library/Developer/Xcode/DerivedData/Supervision-gsztnpzddieindhlgihxlvtgmjlz/Build/Products/Debug -iframework /Applications/Xcode.app/Contents/Developer/Platforms/MacOSX.platform/Developer/Library/Frameworks -filelist /Users/john/Library/Developer/Xcode/DerivedData/Supervision-gsztnpzddieindhlgihxlvtgmjlz/Build/Intermediates.noindex/Supervision.build/Debug/Supervision.build/Objects-normal/arm64/Supervision.LinkFileList -nostdlib -Xlinker -object_path_lto -Xlinker /Users/john/Library/Developer/Xcode/DerivedData/Supervision-gsztnpzddieindhlgihxlvtgmjlz/Build/Intermediates.noindex/Supervision.build/Debug/Supervision.build/Objects-normal/arm64/Supervision_lto.o -rdynamic -Xlinker -no_deduplicate -Xlinker -debug_variant -Xlinker -dependency_info -Xlinker /Users/john/Library/Developer/Xcode/DerivedData/Supervision-gsztnpzddieindhlgihxlvtgmjlz/Build/Intermediates.noindex/Supervision.build/Debug/Supervision.build/Objects-normal/arm64/Supervision_dependency_info.dat -fobjc-link-runtime -L/Applications/Xcode.app/Contents/Developer/Toolchains/XcodeDefault.xctoolchain/usr/lib/swift/macosx -L/usr/lib/swift -Xlinker -add_ast_path -Xlinker /Users/john/Library/Developer/Xcode/DerivedData/Supervision-gsztnpzddieindhlgihxlvtgmjlz/Build/Intermediates.noindex/Supervision.build/Debug/Supervision.build/Objects-normal/arm64/Supervision.swiftmodule @/Users/john/Library/Developer/Xcode/DerivedData/Supervision-gsztnpzddieindhlgihxlvtgmjlz/Build/Intermediates.noindex/Supervision.build/Debug/Supervision.build/Objects-normal/arm64/Supervision-linker-args.resp -o /Users/john/Library/Developer/Xcode/DerivedData/Supervision-gsztnpzddieindhlgihxlvtgmjlz/Build/Products/Debug/Supervision.o

ExtractAppIntentsMetadata (in target 'Supervision' from project 'Supervision')
    cd /Users/john/Documents/dev/Supervision
    /Applications/Xcode.app/Contents/Developer/Toolchains/XcodeDefault.xctoolchain/usr/bin/appintentsmetadataprocessor --toolchain-dir /Applications/Xcode.app/Contents/Developer/Toolchains/XcodeDefault.xctoolchain --module-name Supervision --sdk-root /Applications/Xcode.app/Contents/Developer/Platforms/MacOSX.platform/Developer/SDKs/MacOSX26.2.sdk --xcode-version 17C52 --platform-family macOS --deployment-target 26.0 --bundle-identifier supervision.Supervision --output /Users/john/Library/Developer/Xcode/DerivedData/Supervision-gsztnpzddieindhlgihxlvtgmjlz/Build/Products/Debug/Supervision.appintents --target-triple arm64-apple-macos26.0 --binary-file /Users/john/Library/Developer/Xcode/DerivedData/Supervision-gsztnpzddieindhlgihxlvtgmjlz/Build/Products/Debug/Supervision.o --dependency-file /Users/john/Library/Developer/Xcode/DerivedData/Supervision-gsztnpzddieindhlgihxlvtgmjlz/Build/Intermediates.noindex/Supervision.build/Debug/Supervision.build/Objects-normal/arm64/Supervision_dependency_info.dat --stringsdata-file /Users/john/Library/Developer/Xcode/DerivedData/Supervision-gsztnpzddieindhlgihxlvtgmjlz/Build/Intermediates.noindex/Supervision.build/Debug/Supervision.build/Objects-normal/arm64/ExtractedAppShortcutsMetadata.stringsdata --source-file-list /Users/john/Library/Developer/Xcode/DerivedData/Supervision-gsztnpzddieindhlgihxlvtgmjlz/Build/Intermediates.noindex/Supervision.build/Debug/Supervision.build/Objects-normal/arm64/Supervision.SwiftFileList --metadata-file-list /Users/john/Library/Developer/Xcode/DerivedData/Supervision-gsztnpzddieindhlgihxlvtgmjlz/Build/Intermediates.noindex/Supervision.build/Debug/Supervision.build/Supervision.DependencyMetadataFileList --static-metadata-file-list /Users/john/Library/Developer/Xcode/DerivedData/Supervision-gsztnpzddieindhlgihxlvtgmjlz/Build/Intermediates.noindex/Supervision.build/Debug/Supervision.build/Supervision.DependencyStaticMetadataFileList --swift-const-vals-list /Users/john/Library/Developer/Xcode/DerivedData/Supervision-gsztnpzddieindhlgihxlvtgmjlz/Build/Intermediates.noindex/Supervision.build/Debug/Supervision.build/Objects-normal/arm64/Supervision.SwiftConstValuesFileList --force --compile-time-extraction --deployment-aware-processing --validate-assistant-intents --no-app-shortcuts-localization
2025-12-25 19:21:11.044 appintentsmetadataprocessor[83936:2545172] Starting appintentsmetadataprocessor export
2025-12-25 19:21:11.128 appintentsmetadataprocessor[83936:2545172] Extracted no relevant App Intents symbols, skipping writing output

RegisterExecutionPolicyException /Users/john/Library/Developer/Xcode/DerivedData/Supervision-gsztnpzddieindhlgihxlvtgmjlz/Build/Products/Debug/Supervision.o (in target 'Supervision' from project 'Supervision')
    cd /Users/john/Documents/dev/Supervision
    builtin-RegisterExecutionPolicyException /Users/john/Library/Developer/Xcode/DerivedData/Supervision-gsztnpzddieindhlgihxlvtgmjlz/Build/Products/Debug/Supervision.o


Result bundle written to path:
	/Users/john/Documents/dev/Supervision/.nvim/xcodebuild/build.xcresult

** BUILD SUCCEEDED **


